<?xml version="1.0" encoding="UTF-8"?><testsuites><testsuite name="Creating root element DICTIONARYDOC" tests="1" failures="0"><testcase name="Change namespaces and create DICTIONARYDOC in output" status="passed"/></testsuite><testsuite name="Scenario for testing docinfo and its child elements" tests="1" failures="1"><testcase name="docinfo and its child elements are transformed" status="failed"><failure message="expect assertion failed">&lt;x:expect xmlns:xsl="http://www.w3.org/1999/XSL/Transform" xmlns:xs="http://www.w3.org/2001/XMLSchema" xmlns:test="http://www.jenitennison.com/xslt/unit-test" xmlns:x="http://www.jenitennison.com/xslt/xspec" xmlns:lnvxe="http://www.lexis-nexis.com/lnvxe" xmlns:lnv="http://www.lexis-nexis.com/lnv" xmlns:lnvni="http://www.lexis-nexis.com/lnvni" xmlns:lnclx="http://www.lexis-nexis.com/lnclx" xmlns:lncle="http://www.lexis-nexis.com/lncle" xmlns:lndel="http://www.lexis-nexis.com/lndel" xmlns:lngntxt="http://www.lexis-nexis.com/lngntxt" xmlns:lndocmeta="http://www.lexis-nexis.com/lndocmeta" xmlns:lnlit="http://www.lexis-nexis.com/lnlit" xmlns:lnci="http://www.lexis-nexis.com/lnci" xmlns:nitf="urn:nitf:iptc.org.20010418.NITF" xmlns:lnvx="http://www.lexis-nexis.com/lnvx" xmlns:ci="http://www.lexis-nexis.com/ci" xmlns:glp="http://www.lexis-nexis.com/glp" xmlns:case="http://www.lexis-nexis.com/glp/case" xmlns:comm="http://www.lexis-nexis.com/glp/comm" xmlns:cttr="http://www.lexis-nexis.com/glp/cttr" xmlns:dict="http://www.lexis-nexis.com/glp/dict" xmlns:dig="http://www.lexis-nexis.com/glp/dig" xmlns:docinfo="http://www.lexis-nexis.com/glp/docinfo" xmlns:frm="http://www.lexis-nexis.com/glp/frm" xmlns:in="http://www.lexis-nexis.com/glp/in" xmlns:leg="http://www.lexis-nexis.com/glp/leg" xmlns:xhtml="http://www.w3c.org/1999/xhtml"&gt;
            &lt;docinfo&gt;
               &lt;docinfo:dpsi id-string="000D"/&gt;
               &lt;docinfo:doc-heading&gt;Financial Conduct Authority v Capital Alternatives Ltd and others - [2014] 3 All ER 780&lt;/docinfo:doc-heading&gt;
               &lt;docinfo:doc-id&gt;323031345F335F416C6C5F45525F30373830&lt;/docinfo:doc-id&gt;
               &lt;docinfo:doc-lang lang="en"/&gt;
               &lt;docinfo:doc-country iso-cc="GB"/&gt;
               &lt;docinfo:hier&gt;
                  &lt;docinfo:hierlev role="ancestor"&gt;
                     &lt;heading&gt;
                        &lt;title&gt;2014&lt;/title&gt;
                     &lt;/heading&gt;
                     &lt;docinfo:hierlev role="ancestor"&gt;
                        &lt;heading&gt;
                           &lt;title&gt;Volume 3 &lt;/title&gt;
                        &lt;/heading&gt;
                        &lt;docinfo:hierlev role="me"&gt;
                           &lt;heading&gt;
                              &lt;title&gt;Financial Conduct Authority v Capital Alternatives Ltd and others - [2014] 3 All ER 780&lt;/title&gt;
                           &lt;/heading&gt;
                        &lt;/docinfo:hierlev&gt;
                     &lt;/docinfo:hierlev&gt;
                  &lt;/docinfo:hierlev&gt;
               &lt;/docinfo:hier&gt;
               &lt;docinfo:bookseqnum&gt;2182873868&lt;/docinfo:bookseqnum&gt;
               &lt;docinfo:lbu-meta&gt;
                  &lt;docinfo:metaitem name="lbu-sourcename" value="All England Law Reports"/&gt;
               &lt;/docinfo:lbu-meta&gt;
               &lt;docinfo:selector&gt;LawReport&lt;/docinfo:selector&gt;
               &lt;docinfo:alt-renditions&gt;
                  &lt;docinfo:alt-rendition key="fulltext"&gt;
                     &lt;link type="pdf" filename="2014_3_All_ER_0780.pdf" alttext="Click Here To View PDF"&gt;2014_3_All_ER_0780&lt;/link&gt;
                  &lt;/docinfo:alt-rendition&gt;
               &lt;/docinfo:alt-renditions&gt;
               &lt;docinfo:custom-metafields&gt;
                  &lt;docinfo:custom-metafield name="courtcode"&gt;ChD&lt;/docinfo:custom-metafield&gt;
                  &lt;docinfo:custom-metafield name="jurisdiction"&gt;England&amp;amp;Wales&lt;/docinfo:custom-metafield&gt;
                  &lt;docinfo:custom-metafield name="COURT-CLASSIFY"&gt;Chancery Division&lt;/docinfo:custom-metafield&gt;
                  &lt;docinfo:custom-metafield name="JURIS-CLASSIFY"&gt;England &amp;amp; Wales&lt;/docinfo:custom-metafield&gt;
                  &lt;docinfo:custom-metafield name="date"&gt;20140214&lt;/docinfo:custom-metafield&gt;
               &lt;/docinfo:custom-metafields&gt;
            &lt;/docinfo&gt;
         &lt;/x:expect&gt;</failure></testcase></testsuite><testsuite name="Scenario for testing case:info child of case:headnote" tests="1" failures="0"><testcase name="The element case:info in LA" status="passed"/></testsuite><testsuite name="Scenario for testing catchwordgrp child of case:headnote" tests="1" failures="0"><testcase name="The element catchwordgrp is retained and element catchword is created for each content of PCDATA delimited by –" status="passed"/></testsuite><testsuite name="Scenario for testing case:factsummary child of case:headnote" tests="1" failures="1"><testcase name="Within case:factsummary, the child element pgrp is suppressed and its child are retained and for the element footnote, @fntoken and @fnrtoken are created" status="failed"><failure message="expect assertion failed">&lt;x:expect xmlns:xsl="http://www.w3.org/1999/XSL/Transform" xmlns:xs="http://www.w3.org/2001/XMLSchema" xmlns:test="http://www.jenitennison.com/xslt/unit-test" xmlns:x="http://www.jenitennison.com/xslt/xspec" xmlns:lnvxe="http://www.lexis-nexis.com/lnvxe" xmlns:lnv="http://www.lexis-nexis.com/lnv" xmlns:lnvni="http://www.lexis-nexis.com/lnvni" xmlns:lnclx="http://www.lexis-nexis.com/lnclx" xmlns:lncle="http://www.lexis-nexis.com/lncle" xmlns:lndel="http://www.lexis-nexis.com/lndel" xmlns:lngntxt="http://www.lexis-nexis.com/lngntxt" xmlns:lndocmeta="http://www.lexis-nexis.com/lndocmeta" xmlns:lnlit="http://www.lexis-nexis.com/lnlit" xmlns:lnci="http://www.lexis-nexis.com/lnci" xmlns:nitf="urn:nitf:iptc.org.20010418.NITF" xmlns:lnvx="http://www.lexis-nexis.com/lnvx" xmlns:ci="http://www.lexis-nexis.com/ci" xmlns:glp="http://www.lexis-nexis.com/glp" xmlns:case="http://www.lexis-nexis.com/glp/case" xmlns:comm="http://www.lexis-nexis.com/glp/comm" xmlns:cttr="http://www.lexis-nexis.com/glp/cttr" xmlns:dict="http://www.lexis-nexis.com/glp/dict" xmlns:dig="http://www.lexis-nexis.com/glp/dig" xmlns:docinfo="http://www.lexis-nexis.com/glp/docinfo" xmlns:frm="http://www.lexis-nexis.com/glp/frm" xmlns:in="http://www.lexis-nexis.com/glp/in" xmlns:leg="http://www.lexis-nexis.com/glp/leg" xmlns:xhtml="http://www.w3c.org/1999/xhtml"&gt;
            &lt;CASEDOC type="fulltext"&gt;
               &lt;case:body&gt;
                  &lt;case:headnote&gt;
                     &lt;case:info&gt;
                        &lt;case:factsummary&gt;
                           &lt;p&gt;
                              &lt;text&gt;The Financial Conduct Authority (the FCA) was a regulatory body established under the &lt;ci:cite searchtype="LEG-REF" status="valid" normcite="UK_ACTS 2000 8 Title "&gt;
                                    &lt;ci:content&gt;Financial Services and Markets Act 2000&lt;/ci:content&gt;
                                 &lt;/ci:cite&gt; (the FSMA). Certain investments of specified kinds, including ‘collective investment schemes’ carried on by way of business were ‘regulated activities’ under the FSMA and could not be carried on lawfully by unauthorised persons.&lt;/text&gt;
                           &lt;/p&gt;
                           &lt;p&gt;
                              &lt;text&gt;relation to the carbon credits schemes in the forest areas, the FCA submitted that the award of the total number of carbon credit units by the relevant body to the scheme operator meant that the profits were pooled; the defendants’ case was that there was no pooling if the carbon credit units were divided in accordance with the amount of carbon benefit generated by each plot individually. In relation to both kinds of scheme, the defendants contended that a scheme consisting of individual plots managed to give individual returns for each investor based on the individual yield had neither of the characteristics required by s 235(3), namely pooling of profits nor management of the property as a whole and was therefore not a collective investment scheme.&lt;/text&gt;
                           &lt;/p&gt;
                        &lt;/case:factsummary&gt;
                     &lt;/case:info&gt;
                  &lt;/case:headnote&gt;
               &lt;/case:body&gt;
            &lt;/CASEDOC&gt;
         &lt;/x:expect&gt;</failure></testcase></testsuite><testsuite name="Scenario for testing case:decisionsummary child of case:headnote" tests="1" failures="1"><testcase name="The glp:note within case:decisionsummary is made as the following sibling of case:decisionsummary and converted as the element note. The element case:consideredcases  is made as the following sibling of case:decisionsummary and converted as case:references" status="failed"><failure message="expect assertion failed">&lt;x:expect xmlns:xsl="http://www.w3.org/1999/XSL/Transform" xmlns:xs="http://www.w3.org/2001/XMLSchema" xmlns:test="http://www.jenitennison.com/xslt/unit-test" xmlns:x="http://www.jenitennison.com/xslt/xspec" xmlns:lnvxe="http://www.lexis-nexis.com/lnvxe" xmlns:lnv="http://www.lexis-nexis.com/lnv" xmlns:lnvni="http://www.lexis-nexis.com/lnvni" xmlns:lnclx="http://www.lexis-nexis.com/lnclx" xmlns:lncle="http://www.lexis-nexis.com/lncle" xmlns:lndel="http://www.lexis-nexis.com/lndel" xmlns:lngntxt="http://www.lexis-nexis.com/lngntxt" xmlns:lndocmeta="http://www.lexis-nexis.com/lndocmeta" xmlns:lnlit="http://www.lexis-nexis.com/lnlit" xmlns:lnci="http://www.lexis-nexis.com/lnci" xmlns:nitf="urn:nitf:iptc.org.20010418.NITF" xmlns:lnvx="http://www.lexis-nexis.com/lnvx" xmlns:ci="http://www.lexis-nexis.com/ci" xmlns:glp="http://www.lexis-nexis.com/glp" xmlns:case="http://www.lexis-nexis.com/glp/case" xmlns:comm="http://www.lexis-nexis.com/glp/comm" xmlns:cttr="http://www.lexis-nexis.com/glp/cttr" xmlns:dict="http://www.lexis-nexis.com/glp/dict" xmlns:dig="http://www.lexis-nexis.com/glp/dig" xmlns:docinfo="http://www.lexis-nexis.com/glp/docinfo" xmlns:frm="http://www.lexis-nexis.com/glp/frm" xmlns:in="http://www.lexis-nexis.com/glp/in" xmlns:leg="http://www.lexis-nexis.com/glp/leg" xmlns:xhtml="http://www.w3c.org/1999/xhtml"&gt;
            &lt;CASEDOC type="fulltext"&gt;
               &lt;case:body&gt;
                  &lt;case:headnote&gt;
                     &lt;case:decisionsummary summarytype="held"&gt;
                        &lt;p&gt;
                           &lt;text&gt;
                              &lt;emph typestyle="bf"&gt;Held&lt;/emph&gt; – An investment scheme whose terms provided that the property within the scheme was to consist of individual plots managed in such a way as to give individual returns for each investor based on the yield from his plot would not involve pooling of profit or income within s 235(3)(a) of the FSMA but the property might nonetheless be ‘managed as a whole’ within s 235(3)(b), and if so managed, the scheme would be a collective investment scheme. Where, as in the schemes in the instant case, all the investment property was managed by or on behalf of the operator as one entity for the collective benefit of all investors, without any substantial regard for the individual interests of any of the investors, and without the investors themselves having any involvement in management, and the object of the division of the property into separate plots so as to generate individual returns of income neither benefited investors nor involved any substantial individual as opposed to collective management, the property was ‘managed as a whole’. The word ‘property’ in s 235(3)(b) referred back to s 235(1), and the property was whatever enabled participants to benefit from its acquisition, holding, management, or disposal. In the instant case, the property was not limited to the investors’ individual plots, but included the whole of the rice farm and the whole of the forest areas, because the investors’ income depended on their development and management. Pooling of profits or income within s 235(3)(a) required the creation of a fund for the combined or common benefit of investors and, if each investor obtained an individual return based on the yield from his plot, there was no pooling of profits or income even if the value of all investors’ yield was subject to standard deductions for processing and expenses, or the value of all investors’ yield was received first by the operator of the scheme and then distributed to the investors in accordance with their respective, individually calculated, entitlements. In the instant case, in the rice farm scheme and one of the carbon credits schemes, there had been no pooling of profits or income, but as all four schemes had been ‘managed as a whole’, they were all collective investment schemes within s 235 (see [8]–[10], [56], [58]–[60], [94], [111], [154]–[162], [168], [169], [174]–[182], [195]–[198], [200]–[203], [207], [208], [229], [252]–[260], [265]–[272], below).&lt;/text&gt;
                        &lt;/p&gt;
                     &lt;/case:decisionsummary&gt;
                     &lt;note notetype="commentary"&gt;
                        &lt;h&gt;Notes&lt;/h&gt;
                        &lt;p&gt;
                           &lt;text&gt;For collective investment schemes: definitions, and for arrangements not amounting to a collective investment scheme, see 49 &lt;emph typestyle="it"&gt;Halsbury’s Laws&lt;/emph&gt; (5th edn) (2008) paras 603, 604.&lt;/text&gt;
                        &lt;/p&gt;
                        &lt;p&gt;
                           &lt;text&gt;For the &lt;ci:cite searchtype="LEG-REF" status="valid" normcite="UK_ACTS 2000 8 SECT 235"&gt;
                                 &lt;ci:content&gt;Financial Services and Markets Act 2000, s 235&lt;/ci:content&gt;
                              &lt;/ci:cite&gt;, see 19(2) &lt;emph typestyle="it"&gt;Halsbury’s Statutes&lt;/emph&gt; (4th edn) (2013 reissue) 484.&lt;/text&gt;
                        &lt;/p&gt;
                        &lt;page text="[2014] 3 All ER 780 at" reporter="ALLER" count="782"/&gt;
                     &lt;/note&gt;
                     &lt;case:references referencetype="cases"&gt;
                        &lt;h&gt;Cases referred to&lt;/h&gt;
                        &lt;p&gt;
                           &lt;text&gt;
                              &lt;emph typestyle="it"&gt;Bloomsbury International Ltd v Sea Fish Industry Authority &lt;/emph&gt;
                              &lt;ci:cite searchtype="CASE-REF"&gt;
                                 &lt;ci:case&gt;
                                    &lt;ci:caseref&gt;
                                       &lt;ci:reporter value="UKSC"/&gt;
                                       &lt;ci:edition&gt;
                                          &lt;ci:date year="2011"/&gt;
                                       &lt;/ci:edition&gt;
                                       &lt;ci:page num="25"/&gt;
                                    &lt;/ci:caseref&gt;
                                 &lt;/ci:case&gt;
                                 &lt;ci:content&gt;[2011] UKSC 25&lt;/ci:content&gt;
                              &lt;/ci:cite&gt;, &lt;ci:cite searchtype="CASE-REF"&gt;
                                 &lt;ci:case&gt;
                                    &lt;ci:caseref&gt;
                                       &lt;ci:reporter value="ALLER"/&gt;
                                       &lt;ci:volume num="4"/&gt;
                                       &lt;ci:edition&gt;
                                          &lt;ci:date year="2011"/&gt;
                                       &lt;/ci:edition&gt;
                                       &lt;ci:page num="721"/&gt;
                                    &lt;/ci:caseref&gt;
                                 &lt;/ci:case&gt;
                                 &lt;ci:content&gt;[2011] 4 All ER 721&lt;/ci:content&gt;
                              &lt;/ci:cite&gt;, &lt;ci:cite searchtype="CASE-REF"&gt;
                                 &lt;ci:case&gt;
                                    &lt;ci:caseref&gt;
                                       &lt;ci:reporter value="WLR"/&gt;
                                       &lt;ci:volume num="1"/&gt;
                                       &lt;ci:edition&gt;
                                          &lt;ci:date year="2011"/&gt;
                                       &lt;/ci:edition&gt;
                                       &lt;ci:page num="1546"/&gt;
                                    &lt;/ci:caseref&gt;
                                 &lt;/ci:case&gt;
                                 &lt;ci:content&gt;[2011] 1 WLR 1546&lt;/ci:content&gt;
                              &lt;/ci:cite&gt;.&lt;/text&gt;
                        &lt;/p&gt;
                     &lt;/case:references&gt;
                  &lt;/case:headnote&gt;
               &lt;/case:body&gt;
            &lt;/CASEDOC&gt;
         &lt;/x:expect&gt;</failure></testcase></testsuite><testsuite name="Scenario for testing case:priorhist child of case:headnote" tests="1" failures="0"><testcase name="The glp:note within case:decisionsummary is made as the following sibling of case:decisionsummary and converted as the element note. The element case:consideredcases  is made as the following sibling of case:decisionsummary and converted as case:references" status="passed"/></testsuite><testsuite name="Scenario for testing case:judgments/case:constituents child of case:content" tests="1" failures="0"><testcase name="All the case:constituents are grouped under a single case:constituents" status="passed"/></testsuite><testsuite name="Scenario for testing case:dates and glp:note child of case:content/case:judgments" tests="1" failures="0"><testcase name="All the case:constituents are grouped under a single case:constituents" status="passed"/></testsuite><testsuite name="Scenario for testing case:judgment child of case:content/case:judgments" tests="1" failures="1"><testcase name="All the case:constituents are grouped under a single case:constituents" status="failed"><failure message="expect assertion failed">&lt;x:expect xmlns:xsl="http://www.w3.org/1999/XSL/Transform" xmlns:xs="http://www.w3.org/2001/XMLSchema" xmlns:test="http://www.jenitennison.com/xslt/unit-test" xmlns:x="http://www.jenitennison.com/xslt/xspec" xmlns:lnvxe="http://www.lexis-nexis.com/lnvxe" xmlns:lnv="http://www.lexis-nexis.com/lnv" xmlns:lnvni="http://www.lexis-nexis.com/lnvni" xmlns:lnclx="http://www.lexis-nexis.com/lnclx" xmlns:lncle="http://www.lexis-nexis.com/lncle" xmlns:lndel="http://www.lexis-nexis.com/lndel" xmlns:lngntxt="http://www.lexis-nexis.com/lngntxt" xmlns:lndocmeta="http://www.lexis-nexis.com/lndocmeta" xmlns:lnlit="http://www.lexis-nexis.com/lnlit" xmlns:lnci="http://www.lexis-nexis.com/lnci" xmlns:nitf="urn:nitf:iptc.org.20010418.NITF" xmlns:lnvx="http://www.lexis-nexis.com/lnvx" xmlns:ci="http://www.lexis-nexis.com/ci" xmlns:glp="http://www.lexis-nexis.com/glp" xmlns:case="http://www.lexis-nexis.com/glp/case" xmlns:comm="http://www.lexis-nexis.com/glp/comm" xmlns:cttr="http://www.lexis-nexis.com/glp/cttr" xmlns:dict="http://www.lexis-nexis.com/glp/dict" xmlns:dig="http://www.lexis-nexis.com/glp/dig" xmlns:docinfo="http://www.lexis-nexis.com/glp/docinfo" xmlns:frm="http://www.lexis-nexis.com/glp/frm" xmlns:in="http://www.lexis-nexis.com/glp/in" xmlns:leg="http://www.lexis-nexis.com/glp/leg" xmlns:xhtml="http://www.w3c.org/1999/xhtml"&gt;
            &lt;CASEDOC type="fulltext"&gt;
               &lt;case:body&gt;
                  &lt;case:content&gt;
                     &lt;case:judgments&gt;
                        &lt;case:judgment&gt;
                           &lt;case:courtinfo&gt;
                              &lt;case:judges&gt;
                                 &lt;case:judge&gt;Talbot J&lt;/case:judge&gt;
                              &lt;/case:judges&gt;
                           &lt;/case:courtinfo&gt;
                           &lt;case:judgmentbody&gt;
                              &lt;p&gt;
                                 &lt;text&gt;(delivering the judgment of the Court). In this case there were two men who, whether properly or not, I do not express an opinion, but at any rate probably within the law, were charged on one indictment. The appellant Roberts was charged with fraudulently converting certain property entrusted to him by a lady named Beatrice Anne Steel, in order that he might apply the same for the payment of a quarter’s rent of a house which, I presume, was taken by her. That is an offence against the Larceny Act 1916, s 20(1)(iv)&lt;emph typestyle="it"&gt;(a)&lt;/emph&gt;. The other man, John Moore, was indicted under another section of the same Act, s 32 (1), for causing by false pretences money to be paid by Beatrice Anne Steel to Frederick Roberts; and also with another offence against the same subsection&lt;/text&gt;
                              &lt;/p&gt;
                              &lt;page text="[1936] 1 All ER 23 at" reporter="ALLER" count="24"/&gt;
                              &lt;p&gt;
                                 &lt;text&gt;and concerning the same parties, but in respect of a different sum of money. The false pretence was the same in both cases.&lt;/text&gt;
                              &lt;/p&gt;
                              &lt;p&gt;
                                 &lt;text&gt;This point arises because, during the course of the trial, Roberts was cross-examined by the counsel appearing for Moore as to a previous conviction of Roberts. Roberts had provoked that question (if I may use the expression) by stating, whether truly or not it is unnecessary to say, that Moore had signed certain documents in Roberts’s presence, which Moore denied. In fact, Moore implied, if he did not actually state, that Roberts had forged the signature. That question was asked after due preparation of Roberts for something coming. It was in fact mentioned by the learned Deputy Chairman in his summing-up to the jury, and it never seems to have struck anybody at the time that there was any difficulty about it.&lt;/text&gt;
                              &lt;/p&gt;
                              &lt;blockquote&gt;
                                 &lt;p&gt;
                                    &lt;text&gt;“&lt;emph typestyle="it"&gt;(f)&lt;/emph&gt; A person charged and called as a witness in pursuance of this Act shall not be asked, and if asked shall not be required to answer, any question tending to show that he has committed or been convicted of or been charged with any offence other than that wherewith he is then charged, or is of bad character, unless—”&lt;/text&gt;
                                 &lt;/p&gt;
                              &lt;/blockquote&gt;
                              &lt;page text="[1936] 1 All ER 23 at" reporter="ALLER" count="25"/&gt;
                              &lt;p&gt;
                                 &lt;text&gt;Then there are three exceptions, and the third of them is the one on which this question arises:&lt;/text&gt;
                              &lt;/p&gt;
                              &lt;blockquote&gt;
                                 &lt;p&gt;
                                    &lt;text&gt;“(iii) he has given evidence against any other person charged with the same offence.”&lt;/text&gt;
                                 &lt;/p&gt;
                              &lt;/blockquote&gt;
                              &lt;p&gt;
                                 &lt;text&gt;That must be strictly construed. One could easily conceive arguments for making that provision more extensive; that is to say, for allowing a further exception to the exemption of persons from this particular line of cross-examination. One must, however, obviously take the statute as it is, and that at once brings us face to face with the question whether it can be said that the offence or offences with which Moore was charged in this case are the same offence as that with which Roberts was charged.&lt;/text&gt;
                              &lt;/p&gt;
                              &lt;p&gt;
                                 &lt;text&gt;I have already read, so far as is necessary, the description of the offences with which these two men were respectively charged in the same indictment, and it is quite clear that it would be impossible to say that they are the same offence. Learned counsel for the Crown has very properly recognised that as a fatal bar to the correctness of this conviction. The conviction must therefore be quashed and the appellant discharged.&lt;/text&gt;
                              &lt;/p&gt;
                           &lt;/case:judgmentbody&gt;
                        &lt;/case:judgment&gt;
                     &lt;/case:judgments&gt;
                  &lt;/case:content&gt;
               &lt;/case:body&gt;
            &lt;/CASEDOC&gt;
         &lt;/x:expect&gt;</failure></testcase></testsuite><testsuite name="Scenario for testing table" tests="1" failures="1"><testcase name="The empty entries are removed and the active entry count is calculated based on the entry having PCDATA and table is created accordingly" status="failed"><failure message="expect assertion failed">&lt;x:expect xmlns:xsl="http://www.w3.org/1999/XSL/Transform" xmlns:xs="http://www.w3.org/2001/XMLSchema" xmlns:test="http://www.jenitennison.com/xslt/unit-test" xmlns:x="http://www.jenitennison.com/xslt/xspec" xmlns:lnvxe="http://www.lexis-nexis.com/lnvxe" xmlns:lnv="http://www.lexis-nexis.com/lnv" xmlns:lnvni="http://www.lexis-nexis.com/lnvni" xmlns:lnclx="http://www.lexis-nexis.com/lnclx" xmlns:lncle="http://www.lexis-nexis.com/lncle" xmlns:lndel="http://www.lexis-nexis.com/lndel" xmlns:lngntxt="http://www.lexis-nexis.com/lngntxt" xmlns:lndocmeta="http://www.lexis-nexis.com/lndocmeta" xmlns:lnlit="http://www.lexis-nexis.com/lnlit" xmlns:lnci="http://www.lexis-nexis.com/lnci" xmlns:nitf="urn:nitf:iptc.org.20010418.NITF" xmlns:lnvx="http://www.lexis-nexis.com/lnvx" xmlns:ci="http://www.lexis-nexis.com/ci" xmlns:glp="http://www.lexis-nexis.com/glp" xmlns:case="http://www.lexis-nexis.com/glp/case" xmlns:comm="http://www.lexis-nexis.com/glp/comm" xmlns:cttr="http://www.lexis-nexis.com/glp/cttr" xmlns:dict="http://www.lexis-nexis.com/glp/dict" xmlns:dig="http://www.lexis-nexis.com/glp/dig" xmlns:docinfo="http://www.lexis-nexis.com/glp/docinfo" xmlns:frm="http://www.lexis-nexis.com/glp/frm" xmlns:in="http://www.lexis-nexis.com/glp/in" xmlns:leg="http://www.lexis-nexis.com/glp/leg" xmlns:xhtml="http://www.w3c.org/1999/xhtml"&gt;
            &lt;table frame="all"&gt;
               &lt;tgroup cols="2" colsep="1" rowsep="1"&gt;
                  &lt;colspec colname="1" colwidth="4305*"/&gt;
                  &lt;colspec colname="2" colwidth="830*"/&gt;
                  &lt;tbody&gt;
                     &lt;row&gt;
                        &lt;entry&gt;
                           &lt;emph typestyle="bf"&gt;Costs&lt;/emph&gt;
                        &lt;/entry&gt;
                        &lt;entry&gt;
                           &lt;emph typestyle="bf"&gt;1 Acre&lt;/emph&gt;
                        &lt;/entry&gt;
                     &lt;/row&gt;
                     &lt;row&gt;
                        &lt;entry&gt;Tonnes per year &lt;emph typestyle="bf"&gt;paddy rice&lt;/emph&gt;
                        &lt;/entry&gt;
                        &lt;entry&gt;3.105&lt;/entry&gt;
                     &lt;/row&gt;
                     &lt;row&gt;
                        &lt;entry&gt;Milled rice &lt;emph typestyle="bf"&gt;69% of paddy rice&lt;/emph&gt;
                        &lt;/entry&gt;
                        &lt;entry&gt;2.1&lt;/entry&gt;
                     &lt;/row&gt;
                     &lt;row&gt;
                        &lt;entry/&gt;
                        &lt;entry&gt;£&lt;/entry&gt;
                     &lt;/row&gt;
                     &lt;row&gt;
                        &lt;entry&gt;Retail price per MT in Sierra Leone*&lt;/entry&gt;
                        &lt;entry&gt;415&lt;/entry&gt;
                     &lt;/row&gt;
                     &lt;row&gt;
                        &lt;entry&gt;Gross profit&lt;/entry&gt;
                        &lt;entry&gt;871&lt;/entry&gt;
                     &lt;/row&gt;
                     &lt;row&gt;
                        &lt;entry&gt;Farm management&lt;/entry&gt;
                        &lt;entry&gt;20&lt;/entry&gt;
                     &lt;/row&gt;
                     &lt;row&gt;
                        &lt;entry&gt;Drying charge&lt;/entry&gt;
                        &lt;entry&gt;36&lt;/entry&gt;
                     &lt;/row&gt;
                     &lt;row&gt;
                        &lt;entry&gt;Pounds of Nitrates per Acre 130 lbs/Acre&lt;/entry&gt;
                        &lt;entry&gt;42&lt;/entry&gt;
                     &lt;/row&gt;
                     &lt;row&gt;
                        &lt;entry&gt;Pounds of Pasthates per Acre 40 lbs/Acre&lt;/entry&gt;
                        &lt;entry&gt;21&lt;/entry&gt;
                     &lt;/row&gt;
                     &lt;row&gt;
                        &lt;entry&gt;Pounds of Potassium per Acre 60 lbs/Acre&lt;/entry&gt;
                        &lt;entry&gt;27&lt;/entry&gt;
                     &lt;/row&gt;
                     &lt;row&gt;
                        &lt;entry&gt;Fungicide&lt;/entry&gt;
                        &lt;entry&gt;13&lt;/entry&gt;
                     &lt;/row&gt;
                     &lt;row&gt;
                        &lt;entry&gt;Herbicides&lt;/entry&gt;
                        &lt;entry&gt;26&lt;/entry&gt;
                     &lt;/row&gt;
                     &lt;row&gt;
                        &lt;entry&gt;Insecticides&lt;/entry&gt;
                        &lt;entry&gt;7&lt;/entry&gt;
                     &lt;/row&gt;
                     &lt;row&gt;
                        &lt;entry&gt;Irrigation Supplies/Gates&lt;/entry&gt;
                        &lt;entry&gt;2&lt;/entry&gt;
                     &lt;/row&gt;
                     &lt;row&gt;
                        &lt;entry&gt;Seed&lt;/entry&gt;
                        &lt;entry&gt;23&lt;/entry&gt;
                     &lt;/row&gt;
                     &lt;row&gt;
                        &lt;entry&gt;Fertilizer Application Cost&lt;/entry&gt;
                        &lt;entry&gt;12&lt;/entry&gt;
                     &lt;/row&gt;
                     &lt;row&gt;
                        &lt;entry&gt;Planting Cost&lt;/entry&gt;
                        &lt;entry&gt;4&lt;/entry&gt;
                     &lt;/row&gt;
                     &lt;row&gt;
                        &lt;entry&gt;Hauling Cost&lt;/entry&gt;
                        &lt;entry&gt;11&lt;/entry&gt;
                     &lt;/row&gt;
                     &lt;row&gt;
                        &lt;entry&gt;Labour Costs&lt;/entry&gt;
                        &lt;entry&gt;10&lt;/entry&gt;
                     &lt;/row&gt;
                     &lt;row&gt;
                        &lt;entry&gt;Tillage/Harvest Fuel Cost 16 gal/Acre&lt;/entry&gt;
                        &lt;entry&gt;21&lt;/entry&gt;
                     &lt;/row&gt;
                     &lt;row&gt;
                        &lt;entry&gt;Irrigation Fuel Cost 54 gal/Acre&lt;/entry&gt;
                        &lt;entry&gt;72&lt;/entry&gt;
                     &lt;/row&gt;
                  &lt;/tbody&gt;
               &lt;/tgroup&gt;
            &lt;/table&gt;
         &lt;/x:expect&gt;</failure></testcase></testsuite><testsuite name="Scenario for testing case:author child of case:content" tests="1" failures="1"><testcase name="case:author is retained as it is in LA" status="failed"><failure message="expect assertion failed">&lt;x:expect xmlns:xsl="http://www.w3.org/1999/XSL/Transform" xmlns:xs="http://www.w3.org/2001/XMLSchema" xmlns:test="http://www.jenitennison.com/xslt/unit-test" xmlns:x="http://www.jenitennison.com/xslt/xspec" xmlns:lnvxe="http://www.lexis-nexis.com/lnvxe" xmlns:lnv="http://www.lexis-nexis.com/lnv" xmlns:lnvni="http://www.lexis-nexis.com/lnvni" xmlns:lnclx="http://www.lexis-nexis.com/lnclx" xmlns:lncle="http://www.lexis-nexis.com/lncle" xmlns:lndel="http://www.lexis-nexis.com/lndel" xmlns:lngntxt="http://www.lexis-nexis.com/lngntxt" xmlns:lndocmeta="http://www.lexis-nexis.com/lndocmeta" xmlns:lnlit="http://www.lexis-nexis.com/lnlit" xmlns:lnci="http://www.lexis-nexis.com/lnci" xmlns:nitf="urn:nitf:iptc.org.20010418.NITF" xmlns:lnvx="http://www.lexis-nexis.com/lnvx" xmlns:ci="http://www.lexis-nexis.com/ci" xmlns:glp="http://www.lexis-nexis.com/glp" xmlns:case="http://www.lexis-nexis.com/glp/case" xmlns:comm="http://www.lexis-nexis.com/glp/comm" xmlns:cttr="http://www.lexis-nexis.com/glp/cttr" xmlns:dict="http://www.lexis-nexis.com/glp/dict" xmlns:dig="http://www.lexis-nexis.com/glp/dig" xmlns:docinfo="http://www.lexis-nexis.com/glp/docinfo" xmlns:frm="http://www.lexis-nexis.com/glp/frm" xmlns:in="http://www.lexis-nexis.com/glp/in" xmlns:leg="http://www.lexis-nexis.com/glp/leg" xmlns:xhtml="http://www.w3c.org/1999/xhtml"&gt;
            &lt;CASEDOC type="fulltext"&gt;
               &lt;case:body&gt;
                  &lt;case:content&gt;
                     &lt;case:author&gt;
                        &lt;person&gt;
                           &lt;name.text&gt;Carla Dougan-Bacchus Barrister.&lt;/name.text&gt;
                        &lt;/person&gt;
                     &lt;/case:author&gt;
                  &lt;/case:content&gt;
               &lt;/case:body&gt;
            &lt;/CASEDOC&gt;
         &lt;/x:expect&gt;</failure></testcase></testsuite></testsuites>